Terminal ready
here.
Sat Jul 31 05:04:27 UTC 2021
__LED_BUILTIN__ 13
hex
ok
7f 7e 7d 7c 7b 7a 79 78
ok
. n is:  0b1111000  \170  120  0x78
. n is:  0b1111001  \171  121  0x79
. n is:  0b1111010  \172  122  0x7A
. n is:  0b1111011  \173  123  0x7B
. n is:  0b1111100  \174  124  0x7C
. n is:  0b1111101  \175  125  0x7D
. n is:  0b1111110  \176  126  0x7E
.
n is:  0b1111111  \177  127  0x7F
ok
.
n is:  0b1111000  \170  120  0x78
ok
.
n is:  0b1111001  \171  121  0x79
ok
. n is:  0b1111010  \172  122  0x7A
. n is:  0b1111011  \173  123  0x7B
. n is:  0b1111100  \174  124  0x7C
. n is:  0b1111101  \175  125  0x7D
. n is:  0b1111110  \176  126  0x7E
. n is:  0b1111111  \177  127  0x7F
. n is:  0b1111000  \170  120  0x78
. n is:  0b1111001  \171  121  0x79
. n is:  0b1111010  \172  122  0x7A
. n is:  0b1111011  \173  123  0x7B
.
n is:  0b1111100  \174  124  0x7C
ok
.
n is:  0b1111101  \175  125  0x7D
ok
.
n is:  0b1111110  \176  126  0x7E
ok
.
n is:  0b1111111  \177  127  0x7F
ok
4F 3F 2F 1f
ok
.
n is:  0b11111  \37  31  0x1F
ok
.
n is:  0b101111  \57  47  0x2F
ok
.
n is:  0b111111  \77  63  0x3F
ok
.
n is:  0b1001111  \117  79  0x4F
ok
.
n is:  0b1111000  \170  120  0x78
ok
.
n is:  0b1111001  \171  121  0x79
ok

ok

ok
words
noppp words octal hex decimal bin autob nopp nop ok
autob
ok
0x22 0177 254
ok
. n is:  0b11111110  \376  254  0xFE
. n is:  0b1111111  \177  127  0x7F
. n is:  0b100010  \42  34  0x22
. n is:  0b1111010  \172  122  0x7A
. n is:  0b1111011  \173  123  0x7B
. n is:  0b11111  \37  31  0x1F
. n is:  0b101111  \57  47  0x2F
. n is:  0b111111  \77  63  0x3F
